c:\users\izana\source\repos\techpro1\techpro1\debug\vc141.pdb
c:\users\izana\source\repos\techpro1\techpro1\debug\vc141.idb
c:\users\izana\source\repos\techpro1\techpro1\debug\parents.obj
c:\users\izana\source\repos\techpro1\techpro1\debug\main.obj
c:\users\izana\source\repos\techpro1\techpro1\debug\human.obj
c:\users\izana\source\repos\techpro1\techpro1\debug\grans.obj
c:\users\izana\source\repos\techpro1\techpro1\debug\child.obj
c:\users\izana\source\repos\techpro1\debug\techpro1.pdb
c:\users\izana\source\repos\techpro1\techpro1\debug\techpro1.tlog\cl.command.1.tlog
c:\users\izana\source\repos\techpro1\techpro1\debug\techpro1.tlog\cl.read.1.tlog
c:\users\izana\source\repos\techpro1\techpro1\debug\techpro1.tlog\cl.write.1.tlog
c:\users\izana\source\repos\techpro1\techpro1\debug\techpro1.tlog\link-cvtres.read.1.tlog
c:\users\izana\source\repos\techpro1\techpro1\debug\techpro1.tlog\link-cvtres.write.1.tlog
c:\users\izana\source\repos\techpro1\techpro1\debug\techpro1.tlog\link-rc.read.1.tlog
c:\users\izana\source\repos\techpro1\techpro1\debug\techpro1.tlog\link-rc.write.1.tlog
c:\users\izana\source\repos\techpro1\techpro1\debug\techpro1.tlog\link.6996-cvtres.read.1.tlog
c:\users\izana\source\repos\techpro1\techpro1\debug\techpro1.tlog\link.6996-cvtres.write.1.tlog
c:\users\izana\source\repos\techpro1\techpro1\debug\techpro1.tlog\link.6996-rc.read.1.tlog
c:\users\izana\source\repos\techpro1\techpro1\debug\techpro1.tlog\link.6996-rc.write.1.tlog
c:\users\izana\source\repos\techpro1\techpro1\debug\techpro1.tlog\link.6996.read.1.tlog
c:\users\izana\source\repos\techpro1\techpro1\debug\techpro1.tlog\link.6996.write.1.tlog
c:\users\izana\source\repos\techpro1\techpro1\debug\techpro1.tlog\link.command.1.tlog
c:\users\izana\source\repos\techpro1\techpro1\debug\techpro1.tlog\link.read.1.tlog
c:\users\izana\source\repos\techpro1\techpro1\debug\techpro1.tlog\link.write.1.tlog
